Flutter crash report; please file at https://github.com/flutter/flutter/issues.

## command

flutter packages get

## exception

YamlException: Error on line 47, column 3: Expected ':'.
  # An image asset can refer to one or more resolution-specific "variants", see
  ^

```
#0      Scanner._staleSimpleKeys (package:yaml/src/scanner.dart:491:9)
#1      Scanner._fetchMoreTokens (package:yaml/src/scanner.dart:325:9)
#2      Scanner.peek (package:yaml/src/scanner.dart:317:27)
#3      Parser._parseBlockSequenceEntry (package:yaml/src/parser.dart:355:26)
#4      Parser._stateMachine (package:yaml/src/parser.dart:77:16)
#5      Parser.parse (package:yaml/src/parser.dart:47:19)
#6      Loader._loadSequence (package:yaml/src/loader.dart:142:23)
#7      Loader._loadNode (package:yaml/src/loader.dart:84:16)
#8      Loader._loadMapping (package:yaml/src/loader.dart:165:19)
#9      Loader._loadNode (package:yaml/src/loader.dart:86:16)
#10     Loader._loadMapping (package:yaml/src/loader.dart:165:19)
#11     Loader._loadNode (package:yaml/src/loader.dart:86:16)
#12     Loader._loadDocument (package:yaml/src/loader.dart:62:20)
#13     Loader.load (package:yaml/src/loader.dart:54:20)
#14     loadYamlDocument (package:yaml/yaml.dart:51:25)
#15     loadYamlNode (package:yaml/yaml.dart:42:5)
#16     loadYaml (package:yaml/yaml.dart:34:5)
#17     FlutterManifest.createFromString (package:flutter_tools/src/flutter_manifest.dart:42:28)
<asynchronous suspension>
#18     FlutterManifest.createFromPath (package:flutter_tools/src/flutter_manifest.dart:36:12)
<asynchronous suspension>
#19     FlutterProject._readManifest (package:flutter_tools/src/project.dart:128:60)
<asynchronous suspension>
#20     FlutterProject.fromDirectory (package:flutter_tools/src/project.dart:42:44)
<asynchronous suspension>
#21     FlutterProject.fromPath (package:flutter_tools/src/project.dart:57:58)
#22     PackagesGetCommand.runCommand (package:flutter_tools/src/commands/packages.dart:83:61)
<asynchronous suspension>
#23     FlutterCommand.verifyThenRunCommand (package:flutter_tools/src/runner/flutter_command.dart:383:18)
#24     _asyncThenWrapperHelper.<anonymous closure> (dart:async/runtime/libasync_patch.dart:77:64)
#25     _rootRunUnary (dart:async/zone.dart:1132:38)
#26     _CustomZone.runUnary (dart:async/zone.dart:1029:19)
#27     _FutureListener.handleValue (dart:async/future_impl.dart:129:18)
#28     Future._propagateToListeners.handleValueCallback (dart:async/future_impl.dart:642:45)
#29     Future._propagateToListeners (dart:async/future_impl.dart:671:32)
#30     Future._complete (dart:async/future_impl.dart:476:7)
#31     _SyncCompleter.complete (dart:async/future_impl.dart:51:12)
#32     _AsyncAwaitCompleter.complete.<anonymous closure> (dart:async/runtime/libasync_patch.dart:33:20)
#33     _rootRun (dart:async/zone.dart:1124:13)
#34     _CustomZone.run (dart:async/zone.dart:1021:19)
#35     _CustomZone.bindCallback.<anonymous closure> (dart:async/zone.dart:947:23)
#36     _microtaskLoop (dart:async/schedule_microtask.dart:41:21)
#37     _startMicrotaskLoop (dart:async/schedule_microtask.dart:50:5)
#38     _runPendingImmediateCallback (dart:isolate/runtime/libisolate_patch.dart:115:13)
#39     _RawReceivePortImpl._handleMessage (dart:isolate/runtime/libisolate_patch.dart:172:5)
```

## flutter doctor

```
[✓] Flutter (Channel beta, v0.10.2, on Mac OS X 10.13.6 17G3025, locale en-US)
    • Flutter version 0.10.2 at /Users/developer/flutter
    • Framework revision d8cbb80206 (3 weeks ago), 2018-10-26 01:30:21 -0400
    • Engine revision 6c2ade9fa2
    • Dart version 2.1.0-dev.8.0.flutter-bf26f760b1

[✓] Android toolchain - develop for Android devices (Android SDK 28.0.3)
    • Android SDK at /Users/developer/Library/Android/sdk
    • Android NDK location not configured (optional; useful for native profiling support)
    • Platform android-28, build-tools 28.0.3
    • Java binary at: /Applications/Android Studio.app/Contents/jre/jdk/Contents/Home/bin/java
    • Java version OpenJDK Runtime Environment (build 1.8.0_152-release-1136-b06)
    • All Android licenses accepted.

[!] iOS toolchain - develop for iOS devices (Xcode 10.1)
    • Xcode at /Applications/Xcode.app/Contents/Developer
    • Xcode 10.1, Build version 10B61
    ✗ libimobiledevice and ideviceinstaller are not installed. To install, run:
        brew install --HEAD libimobiledevice
        brew install ideviceinstaller
    • ios-deploy 1.9.2
    • CocoaPods version 1.5.3

[✓] Android Studio (version 3.2)
    • Android Studio at /Applications/Android Studio.app/Contents
    • Flutter plugin version 30.0.1
    • Dart plugin version 181.5656
    • Java version OpenJDK Runtime Environment (build 1.8.0_152-release-1136-b06)

[✓] VS Code (version 1.28.2)
    • VS Code at /Applications/Visual Studio Code.app/Contents
    • Flutter extension version 2.20.0

[✓] Connected device (1 available)
    • iPhone XR • 8740478D-307D-484F-BF6D-0C7D1967344D • ios • iOS 12.1 (simulator)

! Doctor found issues in 1 category.
```
